[2024-07-24T05:08:08.608+0000] {processor.py:157} INFO - Started process (PID=2155) to work on /opt/airflow/dags/1er_dag.py
[2024-07-24T05:08:09.090+0000] {processor.py:829} INFO - Processing file /opt/airflow/dags/1er_dag.py for tasks to queue
[2024-07-24T05:08:09.672+0000] {logging_mixin.py:151} INFO - [2024-07-24T05:08:09.482+0000] {dagbag.py:539} INFO - Filling up the DagBag from /opt/airflow/dags/1er_dag.py
[2024-07-24T05:08:12.315+0000] {processor.py:839} INFO - DAG(s) dict_keys(['example_dag']) retrieved from /opt/airflow/dags/1er_dag.py
[2024-07-24T05:08:13.045+0000] {logging_mixin.py:151} INFO - [2024-07-24T05:08:13.045+0000] {dag.py:2907} INFO - Sync 1 DAGs
[2024-07-24T05:08:13.482+0000] {logging_mixin.py:151} INFO - [2024-07-24T05:08:13.482+0000] {dag.py:3677} INFO - Setting next_dagrun for example_dag to 2024-07-23T00:00:00+00:00, run_after=2024-07-24T00:00:00+00:00
[2024-07-24T05:08:13.657+0000] {processor.py:179} INFO - Processing /opt/airflow/dags/1er_dag.py took 5.742 seconds
[2024-07-24T05:08:44.854+0000] {processor.py:157} INFO - Started process (PID=2162) to work on /opt/airflow/dags/1er_dag.py
[2024-07-24T05:08:44.885+0000] {processor.py:829} INFO - Processing file /opt/airflow/dags/1er_dag.py for tasks to queue
[2024-07-24T05:08:44.915+0000] {logging_mixin.py:151} INFO - [2024-07-24T05:08:44.900+0000] {dagbag.py:539} INFO - Filling up the DagBag from /opt/airflow/dags/1er_dag.py
[2024-07-24T05:08:45.581+0000] {processor.py:839} INFO - DAG(s) dict_keys(['example_dag']) retrieved from /opt/airflow/dags/1er_dag.py
[2024-07-24T05:08:46.589+0000] {logging_mixin.py:151} INFO - [2024-07-24T05:08:46.584+0000] {dag.py:2907} INFO - Sync 1 DAGs
[2024-07-24T05:08:46.913+0000] {logging_mixin.py:151} INFO - [2024-07-24T05:08:46.911+0000] {dag.py:3677} INFO - Setting next_dagrun for example_dag to 2024-07-23T00:00:00+00:00, run_after=2024-07-24T00:00:00+00:00
[2024-07-24T05:08:47.421+0000] {processor.py:179} INFO - Processing /opt/airflow/dags/1er_dag.py took 2.743 seconds
[2024-07-24T05:09:17.894+0000] {processor.py:157} INFO - Started process (PID=2167) to work on /opt/airflow/dags/1er_dag.py
[2024-07-24T05:09:17.897+0000] {processor.py:829} INFO - Processing file /opt/airflow/dags/1er_dag.py for tasks to queue
[2024-07-24T05:09:17.899+0000] {logging_mixin.py:151} INFO - [2024-07-24T05:09:17.899+0000] {dagbag.py:539} INFO - Filling up the DagBag from /opt/airflow/dags/1er_dag.py
[2024-07-24T05:09:17.940+0000] {processor.py:839} INFO - DAG(s) dict_keys(['example_dag']) retrieved from /opt/airflow/dags/1er_dag.py
[2024-07-24T05:09:18.362+0000] {logging_mixin.py:151} INFO - [2024-07-24T05:09:18.361+0000] {dag.py:2907} INFO - Sync 1 DAGs
[2024-07-24T05:09:18.463+0000] {logging_mixin.py:151} INFO - [2024-07-24T05:09:18.462+0000] {dag.py:3677} INFO - Setting next_dagrun for example_dag to 2024-07-23T00:00:00+00:00, run_after=2024-07-24T00:00:00+00:00
[2024-07-24T05:09:18.525+0000] {processor.py:179} INFO - Processing /opt/airflow/dags/1er_dag.py took 0.644 seconds
[2024-07-24T05:09:48.769+0000] {processor.py:157} INFO - Started process (PID=2172) to work on /opt/airflow/dags/1er_dag.py
[2024-07-24T05:09:48.777+0000] {processor.py:829} INFO - Processing file /opt/airflow/dags/1er_dag.py for tasks to queue
[2024-07-24T05:09:48.783+0000] {logging_mixin.py:151} INFO - [2024-07-24T05:09:48.778+0000] {dagbag.py:539} INFO - Filling up the DagBag from /opt/airflow/dags/1er_dag.py
[2024-07-24T05:09:48.874+0000] {processor.py:839} INFO - DAG(s) dict_keys(['example_dag']) retrieved from /opt/airflow/dags/1er_dag.py
[2024-07-24T05:09:49.121+0000] {logging_mixin.py:151} INFO - [2024-07-24T05:09:49.121+0000] {dag.py:2907} INFO - Sync 1 DAGs
[2024-07-24T05:09:49.283+0000] {logging_mixin.py:151} INFO - [2024-07-24T05:09:49.283+0000] {dag.py:3677} INFO - Setting next_dagrun for example_dag to 2024-07-23T00:00:00+00:00, run_after=2024-07-24T00:00:00+00:00
[2024-07-24T05:09:49.394+0000] {processor.py:179} INFO - Processing /opt/airflow/dags/1er_dag.py took 0.653 seconds
