[2024-07-23T12:54:42.309+0000] {manager.py:488} INFO - Processing files using up to 2 processes at a time 
[2024-07-23T12:54:42.309+0000] {manager.py:489} INFO - Process each file at most once every 30 seconds
[2024-07-23T12:54:42.323+0000] {manager.py:490} INFO - Checking for new files in /opt/airflow/dags every 300 seconds
[2024-07-23T12:54:42.327+0000] {manager.py:760} INFO - Searching for files in /opt/airflow/dags
[2024-07-23T12:54:42.374+0000] {manager.py:763} INFO - There are 1 files in /opt/airflow/dags
[2024-07-23T12:54:43.557+0000] {manager.py:888} INFO - 
================================================================================
DAG File Processing Stats

File Path                         PID  Runtime      # DAGs    # Errors  Last Runtime    Last Run
------------------------------  -----  ---------  --------  ----------  --------------  ----------
/opt/airflow/dags/dummy_dag.py    173  0.60s             0           0
================================================================================
[2024-07-23T12:55:14.253+0000] {manager.py:888} INFO - 
================================================================================
DAG File Processing Stats

File Path                       PID    Runtime      # DAGs    # Errors  Last Runtime    Last Run
------------------------------  -----  ---------  --------  ----------  --------------  -------------------
/opt/airflow/dags/dummy_dag.py                           1           0  3.11s           2024-07-23T12:54:45
================================================================================
[2024-07-23T12:55:45.162+0000] {manager.py:888} INFO - 
================================================================================
DAG File Processing Stats

File Path                       PID    Runtime      # DAGs    # Errors  Last Runtime    Last Run
------------------------------  -----  ---------  --------  ----------  --------------  -------------------
/opt/airflow/dags/dummy_dag.py                           1           0  5.81s           2024-07-23T12:55:22
================================================================================
[2024-07-23T12:56:15.855+0000] {manager.py:888} INFO - 
================================================================================
DAG File Processing Stats

File Path                       PID    Runtime      # DAGs    # Errors  Last Runtime    Last Run
------------------------------  -----  ---------  --------  ----------  --------------  -------------------
/opt/airflow/dags/dummy_dag.py                           1           0  2.96s           2024-07-23T12:55:55
================================================================================
[2024-07-23T12:56:46.447+0000] {manager.py:888} INFO - 
================================================================================
DAG File Processing Stats

File Path                       PID    Runtime      # DAGs    # Errors  Last Runtime    Last Run
------------------------------  -----  ---------  --------  ----------  --------------  -------------------
/opt/airflow/dags/dummy_dag.py                           1           0  1.74s           2024-07-23T12:56:27
================================================================================
[2024-07-23T12:57:16.910+0000] {manager.py:888} INFO - 
================================================================================
DAG File Processing Stats

File Path                       PID    Runtime      # DAGs    # Errors  Last Runtime    Last Run
------------------------------  -----  ---------  --------  ----------  --------------  -------------------
/opt/airflow/dags/dummy_dag.py                           1           0  2.46s           2024-07-23T12:57:01
================================================================================
[2024-07-23T12:57:47.063+0000] {manager.py:888} INFO - 
================================================================================
DAG File Processing Stats

File Path                       PID    Runtime      # DAGs    # Errors  Last Runtime    Last Run
------------------------------  -----  ---------  --------  ----------  --------------  -------------------
/opt/airflow/dags/dummy_dag.py                           1           0  1.58s           2024-07-23T12:57:32
================================================================================
[2024-07-23T12:58:17.255+0000] {manager.py:888} INFO - 
================================================================================
DAG File Processing Stats

File Path                       PID    Runtime      # DAGs    # Errors  Last Runtime    Last Run
------------------------------  -----  ---------  --------  ----------  --------------  -------------------
/opt/airflow/dags/dummy_dag.py                           1           0  0.23s           2024-07-23T12:58:03
================================================================================
[2024-07-23T12:58:47.660+0000] {manager.py:888} INFO - 
================================================================================
DAG File Processing Stats

File Path                       PID    Runtime      # DAGs    # Errors  Last Runtime    Last Run
------------------------------  -----  ---------  --------  ----------  --------------  -------------------
/opt/airflow/dags/dummy_dag.py                           1           0  1.36s           2024-07-23T12:58:34
================================================================================
[2024-07-23T12:59:17.700+0000] {manager.py:888} INFO - 
================================================================================
DAG File Processing Stats

File Path                       PID    Runtime      # DAGs    # Errors  Last Runtime    Last Run
------------------------------  -----  ---------  --------  ----------  --------------  -------------------
/opt/airflow/dags/dummy_dag.py                           1           0  0.53s           2024-07-23T12:59:05
================================================================================
[2024-07-23T12:59:42.916+0000] {manager.py:760} INFO - Searching for files in /opt/airflow/dags
[2024-07-23T12:59:43.006+0000] {manager.py:763} INFO - There are 1 files in /opt/airflow/dags
[2024-07-23T12:59:48.533+0000] {manager.py:888} INFO - 
================================================================================
DAG File Processing Stats

File Path                       PID    Runtime      # DAGs    # Errors  Last Runtime    Last Run
------------------------------  -----  ---------  --------  ----------  --------------  -------------------
/opt/airflow/dags/dummy_dag.py                           1           0  2.43s           2024-07-23T12:59:38
================================================================================
[2024-07-23T13:00:18.947+0000] {manager.py:888} INFO - 
================================================================================
DAG File Processing Stats

File Path                       PID    Runtime      # DAGs    # Errors  Last Runtime    Last Run
------------------------------  -----  ---------  --------  ----------  --------------  -------------------
/opt/airflow/dags/dummy_dag.py                           1           0  1.63s           2024-07-23T13:00:10
================================================================================
[2024-07-23T13:00:49.136+0000] {manager.py:888} INFO - 
================================================================================
DAG File Processing Stats

File Path                       PID    Runtime      # DAGs    # Errors  Last Runtime    Last Run
------------------------------  -----  ---------  --------  ----------  --------------  -------------------
/opt/airflow/dags/dummy_dag.py                           1           0  7.28s           2024-07-23T13:00:48
================================================================================
[2024-07-23T13:01:19.152+0000] {manager.py:888} INFO - 
================================================================================
DAG File Processing Stats

File Path                         PID  Runtime      # DAGs    # Errors  Last Runtime    Last Run
------------------------------  -----  ---------  --------  ----------  --------------  -------------------
/opt/airflow/dags/dummy_dag.py    233  0.82s             1           0  7.28s           2024-07-23T13:00:48
================================================================================
[2024-07-23T13:01:49.768+0000] {manager.py:888} INFO - 
================================================================================
DAG File Processing Stats

File Path                       PID    Runtime      # DAGs    # Errors  Last Runtime    Last Run
------------------------------  -----  ---------  --------  ----------  --------------  -------------------
/opt/airflow/dags/dummy_dag.py                           1           0  5.37s           2024-07-23T13:01:23
================================================================================
[2024-07-23T13:02:19.935+0000] {manager.py:888} INFO - 
================================================================================
DAG File Processing Stats

File Path                       PID    Runtime      # DAGs    # Errors  Last Runtime    Last Run
------------------------------  -----  ---------  --------  ----------  --------------  -------------------
/opt/airflow/dags/dummy_dag.py                           1           0  3.14s           2024-07-23T13:01:56
================================================================================
[2024-07-23T13:02:50.156+0000] {manager.py:888} INFO - 
================================================================================
DAG File Processing Stats

File Path                       PID    Runtime      # DAGs    # Errors  Last Runtime    Last Run
------------------------------  -----  ---------  --------  ----------  --------------  -------------------
/opt/airflow/dags/dummy_dag.py                           1           0  0.58s           2024-07-23T13:02:27
================================================================================
[2024-07-23T13:03:20.322+0000] {manager.py:888} INFO - 
================================================================================
DAG File Processing Stats

File Path                       PID    Runtime      # DAGs    # Errors  Last Runtime    Last Run
------------------------------  -----  ---------  --------  ----------  --------------  -------------------
/opt/airflow/dags/dummy_dag.py                           1           0  1.65s           2024-07-23T13:02:59
================================================================================
[2024-07-23T13:03:50.676+0000] {manager.py:888} INFO - 
================================================================================
DAG File Processing Stats

File Path                       PID    Runtime      # DAGs    # Errors  Last Runtime    Last Run
------------------------------  -----  ---------  --------  ----------  --------------  -------------------
/opt/airflow/dags/dummy_dag.py                           1           0  0.28s           2024-07-23T13:03:29
================================================================================
[2024-07-23T13:04:21.194+0000] {manager.py:888} INFO - 
================================================================================
DAG File Processing Stats

File Path                       PID    Runtime      # DAGs    # Errors  Last Runtime    Last Run
------------------------------  -----  ---------  --------  ----------  --------------  -------------------
/opt/airflow/dags/dummy_dag.py                           1           0  0.27s           2024-07-23T13:04:00
================================================================================
[2024-07-23T13:04:43.331+0000] {manager.py:760} INFO - Searching for files in /opt/airflow/dags
[2024-07-23T13:04:43.353+0000] {manager.py:763} INFO - There are 1 files in /opt/airflow/dags
[2024-07-23T13:04:51.472+0000] {manager.py:888} INFO - 
================================================================================
DAG File Processing Stats

File Path                       PID    Runtime      # DAGs    # Errors  Last Runtime    Last Run
------------------------------  -----  ---------  --------  ----------  --------------  -------------------
/opt/airflow/dags/dummy_dag.py                           1           0  1.00s           2024-07-23T13:04:31
================================================================================
[2024-07-23T13:05:21.808+0000] {manager.py:888} INFO - 
================================================================================
DAG File Processing Stats

File Path                       PID    Runtime      # DAGs    # Errors  Last Runtime    Last Run
------------------------------  -----  ---------  --------  ----------  --------------  -------------------
/opt/airflow/dags/dummy_dag.py                           1           0  1.93s           2024-07-23T13:05:03
================================================================================
[2024-07-23T13:05:52.232+0000] {manager.py:888} INFO - 
================================================================================
DAG File Processing Stats

File Path                       PID    Runtime      # DAGs    # Errors  Last Runtime    Last Run
------------------------------  -----  ---------  --------  ----------  --------------  -------------------
/opt/airflow/dags/dummy_dag.py                           1           0  3.08s           2024-07-23T13:05:37
================================================================================
[2024-07-23T13:06:22.667+0000] {manager.py:888} INFO - 
================================================================================
DAG File Processing Stats

File Path                       PID    Runtime      # DAGs    # Errors  Last Runtime    Last Run
------------------------------  -----  ---------  --------  ----------  --------------  -------------------
/opt/airflow/dags/dummy_dag.py                           1           0  2.48s           2024-07-23T13:06:09
================================================================================
[2024-07-23T13:06:52.919+0000] {manager.py:888} INFO - 
================================================================================
DAG File Processing Stats

File Path                       PID    Runtime      # DAGs    # Errors  Last Runtime    Last Run
------------------------------  -----  ---------  --------  ----------  --------------  -------------------
/opt/airflow/dags/dummy_dag.py                           1           0  0.82s           2024-07-23T13:06:41
================================================================================
[2024-07-23T13:07:23.123+0000] {manager.py:888} INFO - 
================================================================================
DAG File Processing Stats

File Path                       PID    Runtime      # DAGs    # Errors  Last Runtime    Last Run
------------------------------  -----  ---------  --------  ----------  --------------  -------------------
/opt/airflow/dags/dummy_dag.py                           1           0  0.80s           2024-07-23T13:07:12
================================================================================
[2024-07-23T13:07:53.383+0000] {manager.py:888} INFO - 
================================================================================
DAG File Processing Stats

File Path                       PID    Runtime      # DAGs    # Errors  Last Runtime    Last Run
------------------------------  -----  ---------  --------  ----------  --------------  -------------------
/opt/airflow/dags/dummy_dag.py                           1           0  2.19s           2024-07-23T13:07:44
================================================================================
[2024-07-23T13:08:23.628+0000] {manager.py:888} INFO - 
================================================================================
DAG File Processing Stats

File Path                       PID    Runtime      # DAGs    # Errors  Last Runtime    Last Run
------------------------------  -----  ---------  --------  ----------  --------------  -------------------
/opt/airflow/dags/dummy_dag.py                           1           0  2.53s           2024-07-23T13:08:00
================================================================================
[2024-07-23T13:08:54.392+0000] {manager.py:888} INFO - 
================================================================================
DAG File Processing Stats

File Path                       PID    Runtime      # DAGs    # Errors  Last Runtime    Last Run
------------------------------  -----  ---------  --------  ----------  --------------  -------------------
/opt/airflow/dags/dummy_dag.py                           1           0  1.03s           2024-07-23T13:08:32
================================================================================
[2024-07-23T13:09:00.962+0000] {manager.py:470} INFO - Exiting gracefully upon receiving signal 15
[2024-07-23T13:10:05.103+0000] {manager.py:488} INFO - Processing files using up to 2 processes at a time 
[2024-07-23T13:10:05.108+0000] {manager.py:489} INFO - Process each file at most once every 30 seconds
[2024-07-23T13:10:05.109+0000] {manager.py:490} INFO - Checking for new files in /opt/airflow/dags every 300 seconds
[2024-07-23T13:10:05.113+0000] {manager.py:760} INFO - Searching for files in /opt/airflow/dags
[2024-07-23T13:10:05.120+0000] {manager.py:763} INFO - There are 1 files in /opt/airflow/dags
[2024-07-23T13:10:05.597+0000] {manager.py:888} INFO - 
================================================================================
DAG File Processing Stats

File Path                         PID  Runtime      # DAGs    # Errors  Last Runtime    Last Run
------------------------------  -----  ---------  --------  ----------  --------------  ----------
/opt/airflow/dags/dummy_dag.py    161  0.33s             0           0
================================================================================
[2024-07-23T13:10:36.928+0000] {manager.py:888} INFO - 
================================================================================
DAG File Processing Stats

File Path                         PID  Runtime      # DAGs    # Errors  Last Runtime    Last Run
------------------------------  -----  ---------  --------  ----------  --------------  -------------------
/opt/airflow/dags/dummy_dag.py    166  0.11s             1           0  0.45s           2024-07-23T13:10:05
================================================================================
[2024-07-23T13:11:07.181+0000] {manager.py:888} INFO - 
================================================================================
DAG File Processing Stats

File Path                       PID    Runtime      # DAGs    # Errors  Last Runtime    Last Run
------------------------------  -----  ---------  --------  ----------  --------------  -------------------
/opt/airflow/dags/dummy_dag.py                           1           0  5.83s           2024-07-23T13:10:42
================================================================================
[2024-07-23T13:11:37.737+0000] {manager.py:888} INFO - 
================================================================================
DAG File Processing Stats

File Path                       PID    Runtime      # DAGs    # Errors  Last Runtime    Last Run
------------------------------  -----  ---------  --------  ----------  --------------  -------------------
/opt/airflow/dags/dummy_dag.py                           1           0  2.85s           2024-07-23T13:11:16
================================================================================
[2024-07-23T13:12:08.362+0000] {manager.py:888} INFO - 
================================================================================
DAG File Processing Stats

File Path                       PID    Runtime      # DAGs    # Errors  Last Runtime    Last Run
------------------------------  -----  ---------  --------  ----------  --------------  -------------------
/opt/airflow/dags/dummy_dag.py                           1           0  1.32s           2024-07-23T13:11:48
================================================================================
[2024-07-23T13:12:38.844+0000] {manager.py:888} INFO - 
================================================================================
DAG File Processing Stats

File Path                       PID    Runtime      # DAGs    # Errors  Last Runtime    Last Run
------------------------------  -----  ---------  --------  ----------  --------------  -------------------
/opt/airflow/dags/dummy_dag.py                           1           0  2.88s           2024-07-23T13:12:21
================================================================================
[2024-07-23T13:13:09.491+0000] {manager.py:888} INFO - 
================================================================================
DAG File Processing Stats

File Path                       PID    Runtime      # DAGs    # Errors  Last Runtime    Last Run
------------------------------  -----  ---------  --------  ----------  --------------  -------------------
/opt/airflow/dags/dummy_dag.py                           1           0  3.28s           2024-07-23T13:12:55
================================================================================
[2024-07-23T13:13:39.772+0000] {manager.py:888} INFO - 
================================================================================
DAG File Processing Stats

File Path                       PID    Runtime      # DAGs    # Errors  Last Runtime    Last Run
------------------------------  -----  ---------  --------  ----------  --------------  -------------------
/opt/airflow/dags/dummy_dag.py                           1           0  1.62s           2024-07-23T13:13:27
================================================================================
[2024-07-23T13:14:10.102+0000] {manager.py:888} INFO - 
================================================================================
DAG File Processing Stats

File Path                       PID    Runtime      # DAGs    # Errors  Last Runtime    Last Run
------------------------------  -----  ---------  --------  ----------  --------------  -------------------
/opt/airflow/dags/dummy_dag.py                           1           0  2.88s           2024-07-23T13:14:00
================================================================================
[2024-07-23T13:14:40.279+0000] {manager.py:888} INFO - 
================================================================================
DAG File Processing Stats

File Path                       PID    Runtime      # DAGs    # Errors  Last Runtime    Last Run
------------------------------  -----  ---------  --------  ----------  --------------  -------------------
/opt/airflow/dags/dummy_dag.py                           1           0  2.75s           2024-07-23T13:14:34
================================================================================
[2024-07-23T13:15:05.429+0000] {manager.py:760} INFO - Searching for files in /opt/airflow/dags
[2024-07-23T13:15:05.446+0000] {manager.py:763} INFO - There are 1 files in /opt/airflow/dags
[2024-07-23T13:15:10.579+0000] {manager.py:888} INFO - 
================================================================================
DAG File Processing Stats

File Path                       PID    Runtime      # DAGs    # Errors  Last Runtime    Last Run
------------------------------  -----  ---------  --------  ----------  --------------  -------------------
/opt/airflow/dags/dummy_dag.py                           1           0  1.29s           2024-07-23T13:15:05
================================================================================
[2024-07-23T13:15:40.856+0000] {manager.py:888} INFO - 
================================================================================
DAG File Processing Stats

File Path                         PID  Runtime      # DAGs    # Errors  Last Runtime    Last Run
------------------------------  -----  ---------  --------  ----------  --------------  -------------------
/opt/airflow/dags/dummy_dag.py    211  5.08s             1           0  1.29s           2024-07-23T13:15:05
================================================================================
[2024-07-23T13:16:11.410+0000] {manager.py:888} INFO - 
================================================================================
DAG File Processing Stats

File Path                       PID    Runtime      # DAGs    # Errors  Last Runtime    Last Run
------------------------------  -----  ---------  --------  ----------  --------------  -------------------
/opt/airflow/dags/dummy_dag.py                           1           0  7.48s           2024-07-23T13:15:43
================================================================================
[2024-07-23T13:16:41.465+0000] {manager.py:888} INFO - 
================================================================================
DAG File Processing Stats

File Path                       PID    Runtime      # DAGs    # Errors  Last Runtime    Last Run
------------------------------  -----  ---------  --------  ----------  --------------  -------------------
/opt/airflow/dags/dummy_dag.py                           1           0  2.85s           2024-07-23T13:16:16
================================================================================
[2024-07-23T13:17:11.973+0000] {manager.py:888} INFO - 
================================================================================
DAG File Processing Stats

File Path                       PID    Runtime      # DAGs    # Errors  Last Runtime    Last Run
------------------------------  -----  ---------  --------  ----------  --------------  -------------------
/opt/airflow/dags/dummy_dag.py                           1           0  3.23s           2024-07-23T13:16:49
================================================================================
[2024-07-23T13:17:42.671+0000] {manager.py:888} INFO - 
================================================================================
DAG File Processing Stats

File Path                       PID    Runtime      # DAGs    # Errors  Last Runtime    Last Run
------------------------------  -----  ---------  --------  ----------  --------------  -------------------
/opt/airflow/dags/dummy_dag.py                           1           0  2.16s           2024-07-23T13:17:22
================================================================================
[2024-07-23T13:18:12.782+0000] {manager.py:888} INFO - 
================================================================================
DAG File Processing Stats

File Path                       PID    Runtime      # DAGs    # Errors  Last Runtime    Last Run
------------------------------  -----  ---------  --------  ----------  --------------  -------------------
/opt/airflow/dags/dummy_dag.py                           1           0  0.81s           2024-07-23T13:17:53
================================================================================
[2024-07-23T13:18:42.927+0000] {manager.py:888} INFO - 
================================================================================
DAG File Processing Stats

File Path                       PID    Runtime      # DAGs    # Errors  Last Runtime    Last Run
------------------------------  -----  ---------  --------  ----------  --------------  -------------------
/opt/airflow/dags/dummy_dag.py                           1           0  2.65s           2024-07-23T13:18:26
================================================================================
[2024-07-23T13:19:13.500+0000] {manager.py:888} INFO - 
================================================================================
DAG File Processing Stats

File Path                       PID    Runtime      # DAGs    # Errors  Last Runtime    Last Run
------------------------------  -----  ---------  --------  ----------  --------------  -------------------
/opt/airflow/dags/dummy_dag.py                           1           0  0.39s           2024-07-23T13:18:57
================================================================================
[2024-07-23T13:19:43.733+0000] {manager.py:888} INFO - 
================================================================================
DAG File Processing Stats

File Path                       PID    Runtime      # DAGs    # Errors  Last Runtime    Last Run
------------------------------  -----  ---------  --------  ----------  --------------  -------------------
/opt/airflow/dags/dummy_dag.py                           1           0  3.86s           2024-07-23T13:19:31
================================================================================
[2024-07-23T13:20:05.646+0000] {manager.py:760} INFO - Searching for files in /opt/airflow/dags
[2024-07-23T13:20:05.677+0000] {manager.py:763} INFO - There are 1 files in /opt/airflow/dags
[2024-07-23T13:20:13.817+0000] {manager.py:888} INFO - 
================================================================================
DAG File Processing Stats

File Path                       PID    Runtime      # DAGs    # Errors  Last Runtime    Last Run
------------------------------  -----  ---------  --------  ----------  --------------  -------------------
/opt/airflow/dags/dummy_dag.py                           1           0  1.71s           2024-07-23T13:20:03
================================================================================
[2024-07-23T13:20:44.123+0000] {manager.py:888} INFO - 
================================================================================
DAG File Processing Stats

File Path                       PID    Runtime      # DAGs    # Errors  Last Runtime    Last Run
------------------------------  -----  ---------  --------  ----------  --------------  -------------------
/opt/airflow/dags/dummy_dag.py                           1           0  0.91s           2024-07-23T13:20:35
================================================================================
[2024-07-23T13:21:14.364+0000] {manager.py:888} INFO - 
================================================================================
DAG File Processing Stats

File Path                       PID    Runtime      # DAGs    # Errors  Last Runtime    Last Run
------------------------------  -----  ---------  --------  ----------  --------------  -------------------
/opt/airflow/dags/dummy_dag.py                           1           0  1.19s           2024-07-23T13:21:06
================================================================================
[2024-07-23T13:21:44.677+0000] {manager.py:888} INFO - 
================================================================================
DAG File Processing Stats

File Path                       PID    Runtime      # DAGs    # Errors  Last Runtime    Last Run
------------------------------  -----  ---------  --------  ----------  --------------  -------------------
/opt/airflow/dags/dummy_dag.py                           1           0  2.16s           2024-07-23T13:21:38
================================================================================
[2024-07-23T13:22:15.180+0000] {manager.py:888} INFO - 
================================================================================
DAG File Processing Stats

File Path                       PID    Runtime      # DAGs    # Errors  Last Runtime    Last Run
------------------------------  -----  ---------  --------  ----------  --------------  -------------------
/opt/airflow/dags/dummy_dag.py                           1           0  2.33s           2024-07-23T13:22:11
================================================================================
[2024-07-23T13:22:45.576+0000] {manager.py:888} INFO - 
================================================================================
DAG File Processing Stats

File Path                       PID    Runtime      # DAGs    # Errors  Last Runtime    Last Run
------------------------------  -----  ---------  --------  ----------  --------------  -------------------
/opt/airflow/dags/dummy_dag.py                           1           0  2.58s           2024-07-23T13:22:44
================================================================================
[2024-07-23T13:23:16.325+0000] {manager.py:888} INFO - 
================================================================================
DAG File Processing Stats

File Path                         PID  Runtime      # DAGs    # Errors  Last Runtime    Last Run
------------------------------  -----  ---------  --------  ----------  --------------  -------------------
/opt/airflow/dags/dummy_dag.py    281  2.04s             1           0  2.58s           2024-07-23T13:22:44
================================================================================
[2024-07-23T13:23:46.491+0000] {manager.py:888} INFO - 
================================================================================
DAG File Processing Stats

File Path                       PID    Runtime      # DAGs    # Errors  Last Runtime    Last Run
------------------------------  -----  ---------  --------  ----------  --------------  -------------------
/opt/airflow/dags/dummy_dag.py                           1           0  3.31s           2024-07-23T13:23:17
================================================================================
[2024-07-23T13:24:16.898+0000] {manager.py:888} INFO - 
================================================================================
DAG File Processing Stats

File Path                       PID    Runtime      # DAGs    # Errors  Last Runtime    Last Run
------------------------------  -----  ---------  --------  ----------  --------------  -------------------
/opt/airflow/dags/dummy_dag.py                           1           0  0.74s           2024-07-23T13:23:48
================================================================================
[2024-07-23T13:24:47.070+0000] {manager.py:888} INFO - 
================================================================================
DAG File Processing Stats

File Path                       PID    Runtime      # DAGs    # Errors  Last Runtime    Last Run
------------------------------  -----  ---------  --------  ----------  --------------  -------------------
/opt/airflow/dags/dummy_dag.py                           1           0  2.89s           2024-07-23T13:24:21
================================================================================
[2024-07-23T13:25:06.202+0000] {manager.py:760} INFO - Searching for files in /opt/airflow/dags
[2024-07-23T13:25:06.214+0000] {manager.py:763} INFO - There are 1 files in /opt/airflow/dags
[2024-07-23T13:25:17.359+0000] {manager.py:888} INFO - 
================================================================================
DAG File Processing Stats

File Path                       PID    Runtime      # DAGs    # Errors  Last Runtime    Last Run
------------------------------  -----  ---------  --------  ----------  --------------  -------------------
/opt/airflow/dags/dummy_dag.py                           1           0  0.95s           2024-07-23T13:24:52
================================================================================
[2024-07-23T13:25:48.414+0000] {manager.py:888} INFO - 
================================================================================
DAG File Processing Stats

File Path                       PID    Runtime      # DAGs    # Errors  Last Runtime    Last Run
------------------------------  -----  ---------  --------  ----------  --------------  -------------------
/opt/airflow/dags/dummy_dag.py                           1           0  3.11s           2024-07-23T13:25:25
================================================================================
[2024-07-23T13:26:18.603+0000] {manager.py:888} INFO - 
================================================================================
DAG File Processing Stats

File Path                       PID    Runtime      # DAGs    # Errors  Last Runtime    Last Run
------------------------------  -----  ---------  --------  ----------  --------------  -------------------
/opt/airflow/dags/dummy_dag.py                           1           0  3.60s           2024-07-23T13:26:00
================================================================================
[2024-07-23T13:26:25.657+0000] {manager.py:1141} WARNING - Skipping processing of missing file: /opt/airflow/dags/dummy_dag.py
[2024-07-23T13:28:45.487+0000] {manager.py:470} INFO - Exiting gracefully upon receiving signal 15
[2024-07-23T13:29:44.396+0000] {manager.py:488} INFO - Processing files using up to 2 processes at a time 
[2024-07-23T13:29:44.441+0000] {manager.py:489} INFO - Process each file at most once every 30 seconds
[2024-07-23T13:29:44.446+0000] {manager.py:490} INFO - Checking for new files in /opt/airflow/dags every 300 seconds
[2024-07-23T13:29:44.452+0000] {manager.py:760} INFO - Searching for files in /opt/airflow/dags
[2024-07-23T13:29:44.594+0000] {manager.py:763} INFO - There are 1 files in /opt/airflow/dags
[2024-07-23T13:29:45.905+0000] {manager.py:888} INFO - 
================================================================================
DAG File Processing Stats

File Path                       PID  Runtime      # DAGs    # Errors  Last Runtime    Last Run
----------------------------  -----  ---------  --------  ----------  --------------  ----------
/opt/airflow/dags/1er_dag.py    161  0.71s             0           0
================================================================================
[2024-07-23T13:30:16.501+0000] {manager.py:888} INFO - 
================================================================================
DAG File Processing Stats

File Path                     PID    Runtime      # DAGs    # Errors  Last Runtime    Last Run
----------------------------  -----  ---------  --------  ----------  --------------  -------------------
/opt/airflow/dags/1er_dag.py                           1           0  2.00s           2024-07-23T13:29:47
================================================================================
[2024-07-23T13:30:46.817+0000] {manager.py:888} INFO - 
================================================================================
DAG File Processing Stats

File Path                     PID    Runtime      # DAGs    # Errors  Last Runtime    Last Run
----------------------------  -----  ---------  --------  ----------  --------------  -------------------
/opt/airflow/dags/1er_dag.py                           1           0  4.37s           2024-07-23T13:30:22
================================================================================
[2024-07-23T13:31:17.213+0000] {manager.py:888} INFO - 
================================================================================
DAG File Processing Stats

File Path                     PID    Runtime      # DAGs    # Errors  Last Runtime    Last Run
----------------------------  -----  ---------  --------  ----------  --------------  -------------------
/opt/airflow/dags/1er_dag.py                           1           0  2.65s           2024-07-23T13:30:55
================================================================================
[2024-07-23T13:31:48.098+0000] {manager.py:888} INFO - 
================================================================================
DAG File Processing Stats

File Path                     PID    Runtime      # DAGs    # Errors  Last Runtime    Last Run
----------------------------  -----  ---------  --------  ----------  --------------  -------------------
/opt/airflow/dags/1er_dag.py                           1           0  3.30s           2024-07-23T13:31:28
================================================================================
[2024-07-23T13:32:18.636+0000] {manager.py:888} INFO - 
================================================================================
DAG File Processing Stats

File Path                     PID    Runtime      # DAGs    # Errors  Last Runtime    Last Run
----------------------------  -----  ---------  --------  ----------  --------------  -------------------
/opt/airflow/dags/1er_dag.py                           1           0  2.21s           2024-07-23T13:32:01
================================================================================
[2024-07-23T13:32:48.923+0000] {manager.py:888} INFO - 
================================================================================
DAG File Processing Stats

File Path                     PID    Runtime      # DAGs    # Errors  Last Runtime    Last Run
----------------------------  -----  ---------  --------  ----------  --------------  -------------------
/opt/airflow/dags/1er_dag.py                           1           0  1.90s           2024-07-23T13:32:33
================================================================================
[2024-07-23T13:33:19.045+0000] {manager.py:888} INFO - 
================================================================================
DAG File Processing Stats

File Path                     PID    Runtime      # DAGs    # Errors  Last Runtime    Last Run
----------------------------  -----  ---------  --------  ----------  --------------  -------------------
/opt/airflow/dags/1er_dag.py                           1           0  1.85s           2024-07-23T13:33:05
================================================================================
