[2024-07-23T12:54:43.192+0000] {processor.py:157} INFO - Started process (PID=173) to work on /opt/airflow/dags/dummy_dag.py
[2024-07-23T12:54:43.202+0000] {processor.py:829} INFO - Processing file /opt/airflow/dags/dummy_dag.py for tasks to queue
[2024-07-23T12:54:43.208+0000] {logging_mixin.py:151} INFO - [2024-07-23T12:54:43.205+0000] {dagbag.py:539} INFO - Filling up the DagBag from /opt/airflow/dags/dummy_dag.py
[2024-07-23T12:54:43.590+0000] {processor.py:839} INFO - DAG(s) dict_keys(['example_dag']) retrieved from /opt/airflow/dags/dummy_dag.py
[2024-07-23T12:54:45.517+0000] {logging_mixin.py:151} INFO - [2024-07-23T12:54:45.517+0000] {manager.py:501} INFO - Created Permission View: can read on DAG:example_dag
[2024-07-23T12:54:45.539+0000] {logging_mixin.py:151} INFO - [2024-07-23T12:54:45.539+0000] {manager.py:501} INFO - Created Permission View: can edit on DAG:example_dag
[2024-07-23T12:54:45.568+0000] {logging_mixin.py:151} INFO - [2024-07-23T12:54:45.565+0000] {manager.py:501} INFO - Created Permission View: can delete on DAG:example_dag
[2024-07-23T12:54:45.601+0000] {logging_mixin.py:151} INFO - [2024-07-23T12:54:45.601+0000] {dag.py:2907} INFO - Sync 1 DAGs
[2024-07-23T12:54:45.642+0000] {logging_mixin.py:151} INFO - [2024-07-23T12:54:45.639+0000] {dag.py:2929} INFO - Creating ORM DAG for example_dag
[2024-07-23T12:54:45.694+0000] {logging_mixin.py:151} INFO - [2024-07-23T12:54:45.693+0000] {dag.py:3677} INFO - Setting next_dagrun for example_dag to 2016-01-01T00:00:00+00:00, run_after=2016-01-02T00:00:00+00:00
[2024-07-23T12:54:45.918+0000] {processor.py:179} INFO - Processing /opt/airflow/dags/dummy_dag.py took 2.808 seconds
[2024-07-23T12:55:17.553+0000] {processor.py:157} INFO - Started process (PID=178) to work on /opt/airflow/dags/dummy_dag.py
[2024-07-23T12:55:17.589+0000] {processor.py:829} INFO - Processing file /opt/airflow/dags/dummy_dag.py for tasks to queue
[2024-07-23T12:55:17.675+0000] {logging_mixin.py:151} INFO - [2024-07-23T12:55:17.638+0000] {dagbag.py:539} INFO - Filling up the DagBag from /opt/airflow/dags/dummy_dag.py
[2024-07-23T12:55:18.424+0000] {processor.py:839} INFO - DAG(s) dict_keys(['example_dag']) retrieved from /opt/airflow/dags/dummy_dag.py
[2024-07-23T12:55:20.215+0000] {logging_mixin.py:151} INFO - [2024-07-23T12:55:20.212+0000] {dag.py:2907} INFO - Sync 1 DAGs
[2024-07-23T12:55:21.626+0000] {logging_mixin.py:151} INFO - [2024-07-23T12:55:21.625+0000] {dag.py:3677} INFO - Setting next_dagrun for example_dag to 2016-01-01T00:00:00+00:00, run_after=2016-01-02T00:00:00+00:00
[2024-07-23T12:55:22.236+0000] {processor.py:179} INFO - Processing /opt/airflow/dags/dummy_dag.py took 5.171 seconds
[2024-07-23T12:55:53.022+0000] {processor.py:157} INFO - Started process (PID=183) to work on /opt/airflow/dags/dummy_dag.py
[2024-07-23T12:55:53.028+0000] {processor.py:829} INFO - Processing file /opt/airflow/dags/dummy_dag.py for tasks to queue
[2024-07-23T12:55:53.037+0000] {logging_mixin.py:151} INFO - [2024-07-23T12:55:53.032+0000] {dagbag.py:539} INFO - Filling up the DagBag from /opt/airflow/dags/dummy_dag.py
[2024-07-23T12:55:53.252+0000] {processor.py:839} INFO - DAG(s) dict_keys(['example_dag']) retrieved from /opt/airflow/dags/dummy_dag.py
[2024-07-23T12:55:54.628+0000] {logging_mixin.py:151} INFO - [2024-07-23T12:55:54.627+0000] {dag.py:2907} INFO - Sync 1 DAGs
[2024-07-23T12:55:55.021+0000] {logging_mixin.py:151} INFO - [2024-07-23T12:55:55.020+0000] {dag.py:3677} INFO - Setting next_dagrun for example_dag to 2016-01-01T00:00:00+00:00, run_after=2016-01-02T00:00:00+00:00
[2024-07-23T12:55:55.253+0000] {processor.py:179} INFO - Processing /opt/airflow/dags/dummy_dag.py took 2.446 seconds
[2024-07-23T12:56:26.274+0000] {processor.py:157} INFO - Started process (PID=188) to work on /opt/airflow/dags/dummy_dag.py
[2024-07-23T12:56:26.279+0000] {processor.py:829} INFO - Processing file /opt/airflow/dags/dummy_dag.py for tasks to queue
[2024-07-23T12:56:26.293+0000] {logging_mixin.py:151} INFO - [2024-07-23T12:56:26.286+0000] {dagbag.py:539} INFO - Filling up the DagBag from /opt/airflow/dags/dummy_dag.py
[2024-07-23T12:56:26.623+0000] {processor.py:839} INFO - DAG(s) dict_keys(['example_dag']) retrieved from /opt/airflow/dags/dummy_dag.py
[2024-07-23T12:56:27.294+0000] {logging_mixin.py:151} INFO - [2024-07-23T12:56:27.294+0000] {dag.py:2907} INFO - Sync 1 DAGs
[2024-07-23T12:56:27.615+0000] {logging_mixin.py:151} INFO - [2024-07-23T12:56:27.615+0000] {dag.py:3677} INFO - Setting next_dagrun for example_dag to 2016-01-01T00:00:00+00:00, run_after=2016-01-02T00:00:00+00:00
[2024-07-23T12:56:27.714+0000] {processor.py:179} INFO - Processing /opt/airflow/dags/dummy_dag.py took 1.542 seconds
[2024-07-23T12:56:59.332+0000] {processor.py:157} INFO - Started process (PID=193) to work on /opt/airflow/dags/dummy_dag.py
[2024-07-23T12:56:59.337+0000] {processor.py:829} INFO - Processing file /opt/airflow/dags/dummy_dag.py for tasks to queue
[2024-07-23T12:56:59.356+0000] {logging_mixin.py:151} INFO - [2024-07-23T12:56:59.343+0000] {dagbag.py:539} INFO - Filling up the DagBag from /opt/airflow/dags/dummy_dag.py
[2024-07-23T12:57:00.008+0000] {processor.py:839} INFO - DAG(s) dict_keys(['example_dag']) retrieved from /opt/airflow/dags/dummy_dag.py
[2024-07-23T12:57:00.651+0000] {logging_mixin.py:151} INFO - [2024-07-23T12:57:00.651+0000] {dag.py:2907} INFO - Sync 1 DAGs
[2024-07-23T12:57:01.019+0000] {logging_mixin.py:151} INFO - [2024-07-23T12:57:01.019+0000] {dag.py:3677} INFO - Setting next_dagrun for example_dag to 2016-01-01T00:00:00+00:00, run_after=2016-01-02T00:00:00+00:00
[2024-07-23T12:57:01.088+0000] {processor.py:179} INFO - Processing /opt/airflow/dags/dummy_dag.py took 1.855 seconds
[2024-07-23T12:57:31.876+0000] {processor.py:157} INFO - Started process (PID=198) to work on /opt/airflow/dags/dummy_dag.py
[2024-07-23T12:57:31.884+0000] {processor.py:829} INFO - Processing file /opt/airflow/dags/dummy_dag.py for tasks to queue
[2024-07-23T12:57:31.903+0000] {logging_mixin.py:151} INFO - [2024-07-23T12:57:31.893+0000] {dagbag.py:539} INFO - Filling up the DagBag from /opt/airflow/dags/dummy_dag.py
[2024-07-23T12:57:32.151+0000] {processor.py:839} INFO - DAG(s) dict_keys(['example_dag']) retrieved from /opt/airflow/dags/dummy_dag.py
[2024-07-23T12:57:32.617+0000] {logging_mixin.py:151} INFO - [2024-07-23T12:57:32.616+0000] {dag.py:2907} INFO - Sync 1 DAGs
[2024-07-23T12:57:32.816+0000] {logging_mixin.py:151} INFO - [2024-07-23T12:57:32.816+0000] {dag.py:3677} INFO - Setting next_dagrun for example_dag to 2016-01-01T00:00:00+00:00, run_after=2016-01-02T00:00:00+00:00
[2024-07-23T12:57:32.943+0000] {processor.py:179} INFO - Processing /opt/airflow/dags/dummy_dag.py took 1.379 seconds
[2024-07-23T12:58:03.156+0000] {processor.py:157} INFO - Started process (PID=203) to work on /opt/airflow/dags/dummy_dag.py
[2024-07-23T12:58:03.159+0000] {processor.py:829} INFO - Processing file /opt/airflow/dags/dummy_dag.py for tasks to queue
[2024-07-23T12:58:03.160+0000] {logging_mixin.py:151} INFO - [2024-07-23T12:58:03.159+0000] {dagbag.py:539} INFO - Filling up the DagBag from /opt/airflow/dags/dummy_dag.py
[2024-07-23T12:58:03.181+0000] {processor.py:839} INFO - DAG(s) dict_keys(['example_dag']) retrieved from /opt/airflow/dags/dummy_dag.py
[2024-07-23T12:58:03.236+0000] {logging_mixin.py:151} INFO - [2024-07-23T12:58:03.236+0000] {dag.py:2907} INFO - Sync 1 DAGs
[2024-07-23T12:58:03.286+0000] {logging_mixin.py:151} INFO - [2024-07-23T12:58:03.285+0000] {dag.py:3677} INFO - Setting next_dagrun for example_dag to 2016-01-01T00:00:00+00:00, run_after=2016-01-02T00:00:00+00:00
[2024-07-23T12:58:03.316+0000] {processor.py:179} INFO - Processing /opt/airflow/dags/dummy_dag.py took 0.166 seconds
[2024-07-23T12:58:33.868+0000] {processor.py:157} INFO - Started process (PID=208) to work on /opt/airflow/dags/dummy_dag.py
[2024-07-23T12:58:33.879+0000] {processor.py:829} INFO - Processing file /opt/airflow/dags/dummy_dag.py for tasks to queue
[2024-07-23T12:58:33.901+0000] {logging_mixin.py:151} INFO - [2024-07-23T12:58:33.885+0000] {dagbag.py:539} INFO - Filling up the DagBag from /opt/airflow/dags/dummy_dag.py
[2024-07-23T12:58:34.005+0000] {processor.py:839} INFO - DAG(s) dict_keys(['example_dag']) retrieved from /opt/airflow/dags/dummy_dag.py
[2024-07-23T12:58:34.716+0000] {logging_mixin.py:151} INFO - [2024-07-23T12:58:34.716+0000] {dag.py:2907} INFO - Sync 1 DAGs
[2024-07-23T12:58:34.818+0000] {logging_mixin.py:151} INFO - [2024-07-23T12:58:34.818+0000] {dag.py:3677} INFO - Setting next_dagrun for example_dag to 2016-01-01T00:00:00+00:00, run_after=2016-01-02T00:00:00+00:00
[2024-07-23T12:58:34.881+0000] {processor.py:179} INFO - Processing /opt/airflow/dags/dummy_dag.py took 1.200 seconds
[2024-07-23T12:59:05.136+0000] {processor.py:157} INFO - Started process (PID=213) to work on /opt/airflow/dags/dummy_dag.py
[2024-07-23T12:59:05.140+0000] {processor.py:829} INFO - Processing file /opt/airflow/dags/dummy_dag.py for tasks to queue
[2024-07-23T12:59:05.142+0000] {logging_mixin.py:151} INFO - [2024-07-23T12:59:05.141+0000] {dagbag.py:539} INFO - Filling up the DagBag from /opt/airflow/dags/dummy_dag.py
[2024-07-23T12:59:05.419+0000] {processor.py:839} INFO - DAG(s) dict_keys(['example_dag']) retrieved from /opt/airflow/dags/dummy_dag.py
[2024-07-23T12:59:05.567+0000] {logging_mixin.py:151} INFO - [2024-07-23T12:59:05.566+0000] {dag.py:2907} INFO - Sync 1 DAGs
[2024-07-23T12:59:05.598+0000] {logging_mixin.py:151} INFO - [2024-07-23T12:59:05.597+0000] {dag.py:3677} INFO - Setting next_dagrun for example_dag to 2016-01-01T00:00:00+00:00, run_after=2016-01-02T00:00:00+00:00
[2024-07-23T12:59:05.621+0000] {processor.py:179} INFO - Processing /opt/airflow/dags/dummy_dag.py took 0.498 seconds
[2024-07-23T12:59:36.053+0000] {processor.py:157} INFO - Started process (PID=218) to work on /opt/airflow/dags/dummy_dag.py
[2024-07-23T12:59:36.059+0000] {processor.py:829} INFO - Processing file /opt/airflow/dags/dummy_dag.py for tasks to queue
[2024-07-23T12:59:36.070+0000] {logging_mixin.py:151} INFO - [2024-07-23T12:59:36.064+0000] {dagbag.py:539} INFO - Filling up the DagBag from /opt/airflow/dags/dummy_dag.py
[2024-07-23T12:59:36.442+0000] {processor.py:839} INFO - DAG(s) dict_keys(['example_dag']) retrieved from /opt/airflow/dags/dummy_dag.py
[2024-07-23T12:59:37.912+0000] {logging_mixin.py:151} INFO - [2024-07-23T12:59:37.911+0000] {dag.py:2907} INFO - Sync 1 DAGs
[2024-07-23T12:59:38.167+0000] {logging_mixin.py:151} INFO - [2024-07-23T12:59:38.165+0000] {dag.py:3677} INFO - Setting next_dagrun for example_dag to 2016-01-01T00:00:00+00:00, run_after=2016-01-02T00:00:00+00:00
[2024-07-23T12:59:38.249+0000] {processor.py:179} INFO - Processing /opt/airflow/dags/dummy_dag.py took 2.216 seconds
[2024-07-23T13:00:09.155+0000] {processor.py:157} INFO - Started process (PID=223) to work on /opt/airflow/dags/dummy_dag.py
[2024-07-23T13:00:09.185+0000] {processor.py:829} INFO - Processing file /opt/airflow/dags/dummy_dag.py for tasks to queue
[2024-07-23T13:00:09.217+0000] {logging_mixin.py:151} INFO - [2024-07-23T13:00:09.193+0000] {dagbag.py:539} INFO - Filling up the DagBag from /opt/airflow/dags/dummy_dag.py
[2024-07-23T13:00:09.839+0000] {processor.py:839} INFO - DAG(s) dict_keys(['example_dag']) retrieved from /opt/airflow/dags/dummy_dag.py
[2024-07-23T13:00:10.028+0000] {logging_mixin.py:151} INFO - [2024-07-23T13:00:10.027+0000] {dag.py:2907} INFO - Sync 1 DAGs
[2024-07-23T13:00:10.297+0000] {logging_mixin.py:151} INFO - [2024-07-23T13:00:10.296+0000] {dag.py:3677} INFO - Setting next_dagrun for example_dag to 2016-01-01T00:00:00+00:00, run_after=2016-01-02T00:00:00+00:00
[2024-07-23T13:00:10.425+0000] {processor.py:179} INFO - Processing /opt/airflow/dags/dummy_dag.py took 1.422 seconds
[2024-07-23T13:00:41.317+0000] {processor.py:157} INFO - Started process (PID=228) to work on /opt/airflow/dags/dummy_dag.py
[2024-07-23T13:00:41.363+0000] {processor.py:829} INFO - Processing file /opt/airflow/dags/dummy_dag.py for tasks to queue
[2024-07-23T13:00:41.389+0000] {logging_mixin.py:151} INFO - [2024-07-23T13:00:41.381+0000] {dagbag.py:539} INFO - Filling up the DagBag from /opt/airflow/dags/dummy_dag.py
[2024-07-23T13:00:41.718+0000] {processor.py:839} INFO - DAG(s) dict_keys(['example_dag']) retrieved from /opt/airflow/dags/dummy_dag.py
[2024-07-23T13:00:42.066+0000] {logging_mixin.py:151} INFO - [2024-07-23T13:00:42.065+0000] {dag.py:2907} INFO - Sync 1 DAGs
[2024-07-23T13:00:47.981+0000] {logging_mixin.py:151} INFO - [2024-07-23T13:00:47.980+0000] {dag.py:3677} INFO - Setting next_dagrun for example_dag to 2016-01-01T00:00:00+00:00, run_after=2016-01-02T00:00:00+00:00
[2024-07-23T13:00:48.091+0000] {processor.py:179} INFO - Processing /opt/airflow/dags/dummy_dag.py took 7.121 seconds
[2024-07-23T13:01:18.935+0000] {processor.py:157} INFO - Started process (PID=233) to work on /opt/airflow/dags/dummy_dag.py
[2024-07-23T13:01:18.997+0000] {processor.py:829} INFO - Processing file /opt/airflow/dags/dummy_dag.py for tasks to queue
[2024-07-23T13:01:19.166+0000] {logging_mixin.py:151} INFO - [2024-07-23T13:01:19.057+0000] {dagbag.py:539} INFO - Filling up the DagBag from /opt/airflow/dags/dummy_dag.py
[2024-07-23T13:01:20.126+0000] {processor.py:839} INFO - DAG(s) dict_keys(['example_dag']) retrieved from /opt/airflow/dags/dummy_dag.py
[2024-07-23T13:01:23.607+0000] {logging_mixin.py:151} INFO - [2024-07-23T13:01:23.607+0000] {dag.py:2907} INFO - Sync 1 DAGs
[2024-07-23T13:01:23.653+0000] {logging_mixin.py:151} INFO - [2024-07-23T13:01:23.652+0000] {dag.py:3677} INFO - Setting next_dagrun for example_dag to 2016-01-01T00:00:00+00:00, run_after=2016-01-02T00:00:00+00:00
[2024-07-23T13:01:23.671+0000] {processor.py:179} INFO - Processing /opt/airflow/dags/dummy_dag.py took 5.136 seconds
[2024-07-23T13:01:53.900+0000] {processor.py:157} INFO - Started process (PID=238) to work on /opt/airflow/dags/dummy_dag.py
[2024-07-23T13:01:53.909+0000] {processor.py:829} INFO - Processing file /opt/airflow/dags/dummy_dag.py for tasks to queue
[2024-07-23T13:01:53.989+0000] {logging_mixin.py:151} INFO - [2024-07-23T13:01:53.988+0000] {dagbag.py:539} INFO - Filling up the DagBag from /opt/airflow/dags/dummy_dag.py
[2024-07-23T13:01:56.787+0000] {processor.py:839} INFO - DAG(s) dict_keys(['example_dag']) retrieved from /opt/airflow/dags/dummy_dag.py
[2024-07-23T13:01:56.830+0000] {logging_mixin.py:151} INFO - [2024-07-23T13:01:56.830+0000] {dag.py:2907} INFO - Sync 1 DAGs
[2024-07-23T13:01:56.866+0000] {logging_mixin.py:151} INFO - [2024-07-23T13:01:56.866+0000] {dag.py:3677} INFO - Setting next_dagrun for example_dag to 2016-01-01T00:00:00+00:00, run_after=2016-01-02T00:00:00+00:00
[2024-07-23T13:01:56.906+0000] {processor.py:179} INFO - Processing /opt/airflow/dags/dummy_dag.py took 3.088 seconds
[2024-07-23T13:02:27.014+0000] {processor.py:157} INFO - Started process (PID=243) to work on /opt/airflow/dags/dummy_dag.py
[2024-07-23T13:02:27.015+0000] {processor.py:829} INFO - Processing file /opt/airflow/dags/dummy_dag.py for tasks to queue
[2024-07-23T13:02:27.017+0000] {logging_mixin.py:151} INFO - [2024-07-23T13:02:27.016+0000] {dagbag.py:539} INFO - Filling up the DagBag from /opt/airflow/dags/dummy_dag.py
[2024-07-23T13:02:27.162+0000] {processor.py:839} INFO - DAG(s) dict_keys(['example_dag']) retrieved from /opt/airflow/dags/dummy_dag.py
[2024-07-23T13:02:27.455+0000] {logging_mixin.py:151} INFO - [2024-07-23T13:02:27.454+0000] {dag.py:2907} INFO - Sync 1 DAGs
[2024-07-23T13:02:27.509+0000] {logging_mixin.py:151} INFO - [2024-07-23T13:02:27.509+0000] {dag.py:3677} INFO - Setting next_dagrun for example_dag to 2016-01-01T00:00:00+00:00, run_after=2016-01-02T00:00:00+00:00
[2024-07-23T13:02:27.540+0000] {processor.py:179} INFO - Processing /opt/airflow/dags/dummy_dag.py took 0.536 seconds
[2024-07-23T13:02:57.989+0000] {processor.py:157} INFO - Started process (PID=248) to work on /opt/airflow/dags/dummy_dag.py
[2024-07-23T13:02:57.994+0000] {processor.py:829} INFO - Processing file /opt/airflow/dags/dummy_dag.py for tasks to queue
[2024-07-23T13:02:58.006+0000] {logging_mixin.py:151} INFO - [2024-07-23T13:02:57.999+0000] {dagbag.py:539} INFO - Filling up the DagBag from /opt/airflow/dags/dummy_dag.py
[2024-07-23T13:02:58.279+0000] {processor.py:839} INFO - DAG(s) dict_keys(['example_dag']) retrieved from /opt/airflow/dags/dummy_dag.py
[2024-07-23T13:02:58.910+0000] {logging_mixin.py:151} INFO - [2024-07-23T13:02:58.908+0000] {dag.py:2907} INFO - Sync 1 DAGs
[2024-07-23T13:02:59.367+0000] {logging_mixin.py:151} INFO - [2024-07-23T13:02:59.367+0000] {dag.py:3677} INFO - Setting next_dagrun for example_dag to 2016-01-01T00:00:00+00:00, run_after=2016-01-02T00:00:00+00:00
[2024-07-23T13:02:59.421+0000] {processor.py:179} INFO - Processing /opt/airflow/dags/dummy_dag.py took 1.537 seconds
[2024-07-23T13:03:29.605+0000] {processor.py:157} INFO - Started process (PID=253) to work on /opt/airflow/dags/dummy_dag.py
[2024-07-23T13:03:29.612+0000] {processor.py:829} INFO - Processing file /opt/airflow/dags/dummy_dag.py for tasks to queue
[2024-07-23T13:03:29.618+0000] {logging_mixin.py:151} INFO - [2024-07-23T13:03:29.613+0000] {dagbag.py:539} INFO - Filling up the DagBag from /opt/airflow/dags/dummy_dag.py
[2024-07-23T13:03:29.653+0000] {processor.py:839} INFO - DAG(s) dict_keys(['example_dag']) retrieved from /opt/airflow/dags/dummy_dag.py
[2024-07-23T13:03:29.763+0000] {logging_mixin.py:151} INFO - [2024-07-23T13:03:29.763+0000] {dag.py:2907} INFO - Sync 1 DAGs
[2024-07-23T13:03:29.821+0000] {logging_mixin.py:151} INFO - [2024-07-23T13:03:29.821+0000] {dag.py:3677} INFO - Setting next_dagrun for example_dag to 2016-01-01T00:00:00+00:00, run_after=2016-01-02T00:00:00+00:00
[2024-07-23T13:03:29.848+0000] {processor.py:179} INFO - Processing /opt/airflow/dags/dummy_dag.py took 0.258 seconds
[2024-07-23T13:04:00.039+0000] {processor.py:157} INFO - Started process (PID=258) to work on /opt/airflow/dags/dummy_dag.py
[2024-07-23T13:04:00.042+0000] {processor.py:829} INFO - Processing file /opt/airflow/dags/dummy_dag.py for tasks to queue
[2024-07-23T13:04:00.043+0000] {logging_mixin.py:151} INFO - [2024-07-23T13:04:00.043+0000] {dagbag.py:539} INFO - Filling up the DagBag from /opt/airflow/dags/dummy_dag.py
[2024-07-23T13:04:00.077+0000] {processor.py:839} INFO - DAG(s) dict_keys(['example_dag']) retrieved from /opt/airflow/dags/dummy_dag.py
[2024-07-23T13:04:00.164+0000] {logging_mixin.py:151} INFO - [2024-07-23T13:04:00.163+0000] {dag.py:2907} INFO - Sync 1 DAGs
[2024-07-23T13:04:00.204+0000] {logging_mixin.py:151} INFO - [2024-07-23T13:04:00.204+0000] {dag.py:3677} INFO - Setting next_dagrun for example_dag to 2016-01-01T00:00:00+00:00, run_after=2016-01-02T00:00:00+00:00
[2024-07-23T13:04:00.226+0000] {processor.py:179} INFO - Processing /opt/airflow/dags/dummy_dag.py took 0.196 seconds
[2024-07-23T13:04:30.587+0000] {processor.py:157} INFO - Started process (PID=263) to work on /opt/airflow/dags/dummy_dag.py
[2024-07-23T13:04:30.592+0000] {processor.py:829} INFO - Processing file /opt/airflow/dags/dummy_dag.py for tasks to queue
[2024-07-23T13:04:30.611+0000] {logging_mixin.py:151} INFO - [2024-07-23T13:04:30.604+0000] {dagbag.py:539} INFO - Filling up the DagBag from /opt/airflow/dags/dummy_dag.py
[2024-07-23T13:04:30.992+0000] {processor.py:839} INFO - DAG(s) dict_keys(['example_dag']) retrieved from /opt/airflow/dags/dummy_dag.py
[2024-07-23T13:04:31.201+0000] {logging_mixin.py:151} INFO - [2024-07-23T13:04:31.200+0000] {dag.py:2907} INFO - Sync 1 DAGs
[2024-07-23T13:04:31.364+0000] {logging_mixin.py:151} INFO - [2024-07-23T13:04:31.364+0000] {dag.py:3677} INFO - Setting next_dagrun for example_dag to 2016-01-01T00:00:00+00:00, run_after=2016-01-02T00:00:00+00:00
[2024-07-23T13:04:31.449+0000] {processor.py:179} INFO - Processing /opt/airflow/dags/dummy_dag.py took 0.920 seconds
[2024-07-23T13:05:02.145+0000] {processor.py:157} INFO - Started process (PID=268) to work on /opt/airflow/dags/dummy_dag.py
[2024-07-23T13:05:02.150+0000] {processor.py:829} INFO - Processing file /opt/airflow/dags/dummy_dag.py for tasks to queue
[2024-07-23T13:05:02.161+0000] {logging_mixin.py:151} INFO - [2024-07-23T13:05:02.155+0000] {dagbag.py:539} INFO - Filling up the DagBag from /opt/airflow/dags/dummy_dag.py
[2024-07-23T13:05:02.488+0000] {processor.py:839} INFO - DAG(s) dict_keys(['example_dag']) retrieved from /opt/airflow/dags/dummy_dag.py
[2024-07-23T13:05:03.417+0000] {logging_mixin.py:151} INFO - [2024-07-23T13:05:03.416+0000] {dag.py:2907} INFO - Sync 1 DAGs
[2024-07-23T13:05:03.530+0000] {logging_mixin.py:151} INFO - [2024-07-23T13:05:03.530+0000] {dag.py:3677} INFO - Setting next_dagrun for example_dag to 2016-01-01T00:00:00+00:00, run_after=2016-01-02T00:00:00+00:00
[2024-07-23T13:05:03.571+0000] {processor.py:179} INFO - Processing /opt/airflow/dags/dummy_dag.py took 1.498 seconds
[2024-07-23T13:05:34.335+0000] {processor.py:157} INFO - Started process (PID=273) to work on /opt/airflow/dags/dummy_dag.py
[2024-07-23T13:05:34.349+0000] {processor.py:829} INFO - Processing file /opt/airflow/dags/dummy_dag.py for tasks to queue
[2024-07-23T13:05:34.377+0000] {logging_mixin.py:151} INFO - [2024-07-23T13:05:34.367+0000] {dagbag.py:539} INFO - Filling up the DagBag from /opt/airflow/dags/dummy_dag.py
[2024-07-23T13:05:35.194+0000] {processor.py:839} INFO - DAG(s) dict_keys(['example_dag']) retrieved from /opt/airflow/dags/dummy_dag.py
[2024-07-23T13:05:36.473+0000] {logging_mixin.py:151} INFO - [2024-07-23T13:05:36.472+0000] {dag.py:2907} INFO - Sync 1 DAGs
[2024-07-23T13:05:36.873+0000] {logging_mixin.py:151} INFO - [2024-07-23T13:05:36.872+0000] {dag.py:3677} INFO - Setting next_dagrun for example_dag to 2016-01-01T00:00:00+00:00, run_after=2016-01-02T00:00:00+00:00
[2024-07-23T13:05:37.045+0000] {processor.py:179} INFO - Processing /opt/airflow/dags/dummy_dag.py took 2.803 seconds
[2024-07-23T13:06:08.321+0000] {processor.py:157} INFO - Started process (PID=278) to work on /opt/airflow/dags/dummy_dag.py
[2024-07-23T13:06:08.326+0000] {processor.py:829} INFO - Processing file /opt/airflow/dags/dummy_dag.py for tasks to queue
[2024-07-23T13:06:08.343+0000] {logging_mixin.py:151} INFO - [2024-07-23T13:06:08.333+0000] {dagbag.py:539} INFO - Filling up the DagBag from /opt/airflow/dags/dummy_dag.py
[2024-07-23T13:06:08.743+0000] {processor.py:839} INFO - DAG(s) dict_keys(['example_dag']) retrieved from /opt/airflow/dags/dummy_dag.py
[2024-07-23T13:06:09.626+0000] {logging_mixin.py:151} INFO - [2024-07-23T13:06:09.625+0000] {dag.py:2907} INFO - Sync 1 DAGs
[2024-07-23T13:06:09.843+0000] {logging_mixin.py:151} INFO - [2024-07-23T13:06:09.842+0000] {dag.py:3677} INFO - Setting next_dagrun for example_dag to 2016-01-01T00:00:00+00:00, run_after=2016-01-02T00:00:00+00:00
[2024-07-23T13:06:09.935+0000] {processor.py:179} INFO - Processing /opt/airflow/dags/dummy_dag.py took 1.709 seconds
[2024-07-23T13:06:40.359+0000] {processor.py:157} INFO - Started process (PID=283) to work on /opt/airflow/dags/dummy_dag.py
[2024-07-23T13:06:40.362+0000] {processor.py:829} INFO - Processing file /opt/airflow/dags/dummy_dag.py for tasks to queue
[2024-07-23T13:06:40.367+0000] {logging_mixin.py:151} INFO - [2024-07-23T13:06:40.365+0000] {dagbag.py:539} INFO - Filling up the DagBag from /opt/airflow/dags/dummy_dag.py
[2024-07-23T13:06:40.482+0000] {processor.py:839} INFO - DAG(s) dict_keys(['example_dag']) retrieved from /opt/airflow/dags/dummy_dag.py
[2024-07-23T13:06:41.017+0000] {logging_mixin.py:151} INFO - [2024-07-23T13:06:41.016+0000] {dag.py:2907} INFO - Sync 1 DAGs
[2024-07-23T13:06:41.086+0000] {logging_mixin.py:151} INFO - [2024-07-23T13:06:41.086+0000] {dag.py:3677} INFO - Setting next_dagrun for example_dag to 2016-01-01T00:00:00+00:00, run_after=2016-01-02T00:00:00+00:00
[2024-07-23T13:06:41.115+0000] {processor.py:179} INFO - Processing /opt/airflow/dags/dummy_dag.py took 0.780 seconds
[2024-07-23T13:07:11.357+0000] {processor.py:157} INFO - Started process (PID=288) to work on /opt/airflow/dags/dummy_dag.py
[2024-07-23T13:07:11.359+0000] {processor.py:829} INFO - Processing file /opt/airflow/dags/dummy_dag.py for tasks to queue
[2024-07-23T13:07:11.363+0000] {logging_mixin.py:151} INFO - [2024-07-23T13:07:11.361+0000] {dagbag.py:539} INFO - Filling up the DagBag from /opt/airflow/dags/dummy_dag.py
[2024-07-23T13:07:11.414+0000] {processor.py:839} INFO - DAG(s) dict_keys(['example_dag']) retrieved from /opt/airflow/dags/dummy_dag.py
[2024-07-23T13:07:11.828+0000] {logging_mixin.py:151} INFO - [2024-07-23T13:07:11.827+0000] {dag.py:2907} INFO - Sync 1 DAGs
[2024-07-23T13:07:11.993+0000] {logging_mixin.py:151} INFO - [2024-07-23T13:07:11.993+0000] {dag.py:3677} INFO - Setting next_dagrun for example_dag to 2016-01-01T00:00:00+00:00, run_after=2016-01-02T00:00:00+00:00
[2024-07-23T13:07:12.052+0000] {processor.py:179} INFO - Processing /opt/airflow/dags/dummy_dag.py took 0.734 seconds
[2024-07-23T13:07:42.680+0000] {processor.py:157} INFO - Started process (PID=293) to work on /opt/airflow/dags/dummy_dag.py
[2024-07-23T13:07:42.686+0000] {processor.py:829} INFO - Processing file /opt/airflow/dags/dummy_dag.py for tasks to queue
[2024-07-23T13:07:42.698+0000] {logging_mixin.py:151} INFO - [2024-07-23T13:07:42.691+0000] {dagbag.py:539} INFO - Filling up the DagBag from /opt/airflow/dags/dummy_dag.py
[2024-07-23T13:07:43.015+0000] {processor.py:839} INFO - DAG(s) dict_keys(['example_dag']) retrieved from /opt/airflow/dags/dummy_dag.py
[2024-07-23T13:07:43.804+0000] {logging_mixin.py:151} INFO - [2024-07-23T13:07:43.803+0000] {dag.py:2907} INFO - Sync 1 DAGs
[2024-07-23T13:07:44.065+0000] {logging_mixin.py:151} INFO - [2024-07-23T13:07:44.065+0000] {dag.py:3677} INFO - Setting next_dagrun for example_dag to 2016-01-01T00:00:00+00:00, run_after=2016-01-02T00:00:00+00:00
[2024-07-23T13:07:44.263+0000] {processor.py:179} INFO - Processing /opt/airflow/dags/dummy_dag.py took 1.657 seconds
[2024-07-23T13:07:58.750+0000] {processor.py:157} INFO - Started process (PID=298) to work on /opt/airflow/dags/dummy_dag.py
[2024-07-23T13:07:58.753+0000] {processor.py:829} INFO - Processing file /opt/airflow/dags/dummy_dag.py for tasks to queue
[2024-07-23T13:07:58.757+0000] {logging_mixin.py:151} INFO - [2024-07-23T13:07:58.755+0000] {dagbag.py:539} INFO - Filling up the DagBag from /opt/airflow/dags/dummy_dag.py
[2024-07-23T13:07:59.114+0000] {processor.py:839} INFO - DAG(s) dict_keys(['example_dag']) retrieved from /opt/airflow/dags/dummy_dag.py
[2024-07-23T13:08:00.421+0000] {logging_mixin.py:151} INFO - [2024-07-23T13:08:00.420+0000] {dag.py:2907} INFO - Sync 1 DAGs
[2024-07-23T13:08:00.665+0000] {logging_mixin.py:151} INFO - [2024-07-23T13:08:00.664+0000] {dag.py:3677} INFO - Setting next_dagrun for example_dag to 2024-07-23T00:00:00+00:00, run_after=2024-07-24T00:00:00+00:00
[2024-07-23T13:08:00.877+0000] {processor.py:179} INFO - Processing /opt/airflow/dags/dummy_dag.py took 2.179 seconds
[2024-07-23T13:08:31.212+0000] {processor.py:157} INFO - Started process (PID=303) to work on /opt/airflow/dags/dummy_dag.py
[2024-07-23T13:08:31.215+0000] {processor.py:829} INFO - Processing file /opt/airflow/dags/dummy_dag.py for tasks to queue
[2024-07-23T13:08:31.222+0000] {logging_mixin.py:151} INFO - [2024-07-23T13:08:31.218+0000] {dagbag.py:539} INFO - Filling up the DagBag from /opt/airflow/dags/dummy_dag.py
[2024-07-23T13:08:31.392+0000] {processor.py:839} INFO - DAG(s) dict_keys(['example_dag']) retrieved from /opt/airflow/dags/dummy_dag.py
[2024-07-23T13:08:31.983+0000] {logging_mixin.py:151} INFO - [2024-07-23T13:08:31.983+0000] {dag.py:2907} INFO - Sync 1 DAGs
[2024-07-23T13:08:32.105+0000] {logging_mixin.py:151} INFO - [2024-07-23T13:08:32.104+0000] {dag.py:3677} INFO - Setting next_dagrun for example_dag to 2024-07-23T00:00:00+00:00, run_after=2024-07-24T00:00:00+00:00
[2024-07-23T13:08:32.168+0000] {processor.py:179} INFO - Processing /opt/airflow/dags/dummy_dag.py took 0.990 seconds
[2024-07-23T13:10:05.376+0000] {processor.py:157} INFO - Started process (PID=161) to work on /opt/airflow/dags/dummy_dag.py
[2024-07-23T13:10:05.377+0000] {processor.py:829} INFO - Processing file /opt/airflow/dags/dummy_dag.py for tasks to queue
[2024-07-23T13:10:05.378+0000] {logging_mixin.py:151} INFO - [2024-07-23T13:10:05.377+0000] {dagbag.py:539} INFO - Filling up the DagBag from /opt/airflow/dags/dummy_dag.py
[2024-07-23T13:10:05.446+0000] {processor.py:839} INFO - DAG(s) dict_keys(['example_dag']) retrieved from /opt/airflow/dags/dummy_dag.py
[2024-07-23T13:10:05.510+0000] {logging_mixin.py:151} INFO - [2024-07-23T13:10:05.510+0000] {dag.py:2907} INFO - Sync 1 DAGs
[2024-07-23T13:10:05.563+0000] {logging_mixin.py:151} INFO - [2024-07-23T13:10:05.561+0000] {dag.py:3677} INFO - Setting next_dagrun for example_dag to 2024-07-23T00:00:00+00:00, run_after=2024-07-24T00:00:00+00:00
[2024-07-23T13:10:05.650+0000] {processor.py:179} INFO - Processing /opt/airflow/dags/dummy_dag.py took 0.317 seconds
[2024-07-23T13:10:37.638+0000] {processor.py:157} INFO - Started process (PID=166) to work on /opt/airflow/dags/dummy_dag.py
[2024-07-23T13:10:37.678+0000] {processor.py:829} INFO - Processing file /opt/airflow/dags/dummy_dag.py for tasks to queue
[2024-07-23T13:10:37.711+0000] {logging_mixin.py:151} INFO - [2024-07-23T13:10:37.685+0000] {dagbag.py:539} INFO - Filling up the DagBag from /opt/airflow/dags/dummy_dag.py
[2024-07-23T13:10:38.423+0000] {processor.py:839} INFO - DAG(s) dict_keys(['example_dag']) retrieved from /opt/airflow/dags/dummy_dag.py
[2024-07-23T13:10:40.577+0000] {logging_mixin.py:151} INFO - [2024-07-23T13:10:40.576+0000] {dag.py:2907} INFO - Sync 1 DAGs
[2024-07-23T13:10:42.189+0000] {logging_mixin.py:151} INFO - [2024-07-23T13:10:42.185+0000] {dag.py:3677} INFO - Setting next_dagrun for example_dag to 2024-07-23T00:00:00+00:00, run_after=2024-07-24T00:00:00+00:00
[2024-07-23T13:10:42.447+0000] {processor.py:179} INFO - Processing /opt/airflow/dags/dummy_dag.py took 4.966 seconds
[2024-07-23T13:11:14.558+0000] {processor.py:157} INFO - Started process (PID=171) to work on /opt/airflow/dags/dummy_dag.py
[2024-07-23T13:11:14.655+0000] {processor.py:829} INFO - Processing file /opt/airflow/dags/dummy_dag.py for tasks to queue
[2024-07-23T13:11:14.701+0000] {logging_mixin.py:151} INFO - [2024-07-23T13:11:14.698+0000] {dagbag.py:539} INFO - Filling up the DagBag from /opt/airflow/dags/dummy_dag.py
[2024-07-23T13:11:15.661+0000] {processor.py:839} INFO - DAG(s) dict_keys(['example_dag']) retrieved from /opt/airflow/dags/dummy_dag.py
[2024-07-23T13:11:15.990+0000] {logging_mixin.py:151} INFO - [2024-07-23T13:11:15.989+0000] {dag.py:2907} INFO - Sync 1 DAGs
[2024-07-23T13:11:16.257+0000] {logging_mixin.py:151} INFO - [2024-07-23T13:11:16.256+0000] {dag.py:3677} INFO - Setting next_dagrun for example_dag to 2024-07-23T00:00:00+00:00, run_after=2024-07-24T00:00:00+00:00
[2024-07-23T13:11:16.313+0000] {processor.py:179} INFO - Processing /opt/airflow/dags/dummy_dag.py took 2.038 seconds
[2024-07-23T13:11:47.476+0000] {processor.py:157} INFO - Started process (PID=176) to work on /opt/airflow/dags/dummy_dag.py
[2024-07-23T13:11:47.486+0000] {processor.py:829} INFO - Processing file /opt/airflow/dags/dummy_dag.py for tasks to queue
[2024-07-23T13:11:47.502+0000] {logging_mixin.py:151} INFO - [2024-07-23T13:11:47.493+0000] {dagbag.py:539} INFO - Filling up the DagBag from /opt/airflow/dags/dummy_dag.py
[2024-07-23T13:11:47.956+0000] {processor.py:839} INFO - DAG(s) dict_keys(['example_dag']) retrieved from /opt/airflow/dags/dummy_dag.py
[2024-07-23T13:11:48.107+0000] {logging_mixin.py:151} INFO - [2024-07-23T13:11:48.107+0000] {dag.py:2907} INFO - Sync 1 DAGs
[2024-07-23T13:11:48.370+0000] {logging_mixin.py:151} INFO - [2024-07-23T13:11:48.369+0000] {dag.py:3677} INFO - Setting next_dagrun for example_dag to 2024-07-23T00:00:00+00:00, run_after=2024-07-24T00:00:00+00:00
[2024-07-23T13:11:48.456+0000] {processor.py:179} INFO - Processing /opt/airflow/dags/dummy_dag.py took 1.108 seconds
[2024-07-23T13:12:19.276+0000] {processor.py:157} INFO - Started process (PID=181) to work on /opt/airflow/dags/dummy_dag.py
[2024-07-23T13:12:19.292+0000] {processor.py:829} INFO - Processing file /opt/airflow/dags/dummy_dag.py for tasks to queue
[2024-07-23T13:12:19.311+0000] {logging_mixin.py:151} INFO - [2024-07-23T13:12:19.301+0000] {dagbag.py:539} INFO - Filling up the DagBag from /opt/airflow/dags/dummy_dag.py
[2024-07-23T13:12:20.103+0000] {processor.py:839} INFO - DAG(s) dict_keys(['example_dag']) retrieved from /opt/airflow/dags/dummy_dag.py
[2024-07-23T13:12:21.078+0000] {logging_mixin.py:151} INFO - [2024-07-23T13:12:21.077+0000] {dag.py:2907} INFO - Sync 1 DAGs
[2024-07-23T13:12:21.457+0000] {logging_mixin.py:151} INFO - [2024-07-23T13:12:21.456+0000] {dag.py:3677} INFO - Setting next_dagrun for example_dag to 2024-07-23T00:00:00+00:00, run_after=2024-07-24T00:00:00+00:00
[2024-07-23T13:12:21.553+0000] {processor.py:179} INFO - Processing /opt/airflow/dags/dummy_dag.py took 2.569 seconds
[2024-07-23T13:12:52.684+0000] {processor.py:157} INFO - Started process (PID=186) to work on /opt/airflow/dags/dummy_dag.py
[2024-07-23T13:12:52.691+0000] {processor.py:829} INFO - Processing file /opt/airflow/dags/dummy_dag.py for tasks to queue
[2024-07-23T13:12:52.757+0000] {logging_mixin.py:151} INFO - [2024-07-23T13:12:52.700+0000] {dagbag.py:539} INFO - Filling up the DagBag from /opt/airflow/dags/dummy_dag.py
[2024-07-23T13:12:53.544+0000] {processor.py:839} INFO - DAG(s) dict_keys(['example_dag']) retrieved from /opt/airflow/dags/dummy_dag.py
[2024-07-23T13:12:54.570+0000] {logging_mixin.py:151} INFO - [2024-07-23T13:12:54.570+0000] {dag.py:2907} INFO - Sync 1 DAGs
[2024-07-23T13:12:55.013+0000] {logging_mixin.py:151} INFO - [2024-07-23T13:12:55.012+0000] {dag.py:3677} INFO - Setting next_dagrun for example_dag to 2024-07-23T00:00:00+00:00, run_after=2024-07-24T00:00:00+00:00
[2024-07-23T13:12:55.159+0000] {processor.py:179} INFO - Processing /opt/airflow/dags/dummy_dag.py took 2.571 seconds
[2024-07-23T13:13:26.019+0000] {processor.py:157} INFO - Started process (PID=191) to work on /opt/airflow/dags/dummy_dag.py
[2024-07-23T13:13:26.026+0000] {processor.py:829} INFO - Processing file /opt/airflow/dags/dummy_dag.py for tasks to queue
[2024-07-23T13:13:26.036+0000] {logging_mixin.py:151} INFO - [2024-07-23T13:13:26.031+0000] {dagbag.py:539} INFO - Filling up the DagBag from /opt/airflow/dags/dummy_dag.py
[2024-07-23T13:13:26.331+0000] {processor.py:839} INFO - DAG(s) dict_keys(['example_dag']) retrieved from /opt/airflow/dags/dummy_dag.py
[2024-07-23T13:13:26.960+0000] {logging_mixin.py:151} INFO - [2024-07-23T13:13:26.960+0000] {dag.py:2907} INFO - Sync 1 DAGs
[2024-07-23T13:13:27.100+0000] {logging_mixin.py:151} INFO - [2024-07-23T13:13:27.100+0000] {dag.py:3677} INFO - Setting next_dagrun for example_dag to 2024-07-23T00:00:00+00:00, run_after=2024-07-24T00:00:00+00:00
[2024-07-23T13:13:27.139+0000] {processor.py:179} INFO - Processing /opt/airflow/dags/dummy_dag.py took 1.196 seconds
[2024-07-23T13:13:57.801+0000] {processor.py:157} INFO - Started process (PID=196) to work on /opt/airflow/dags/dummy_dag.py
[2024-07-23T13:13:57.807+0000] {processor.py:829} INFO - Processing file /opt/airflow/dags/dummy_dag.py for tasks to queue
[2024-07-23T13:13:57.813+0000] {logging_mixin.py:151} INFO - [2024-07-23T13:13:57.810+0000] {dagbag.py:539} INFO - Filling up the DagBag from /opt/airflow/dags/dummy_dag.py
[2024-07-23T13:13:58.172+0000] {processor.py:839} INFO - DAG(s) dict_keys(['example_dag']) retrieved from /opt/airflow/dags/dummy_dag.py
[2024-07-23T13:13:59.029+0000] {logging_mixin.py:151} INFO - [2024-07-23T13:13:59.029+0000] {dag.py:2907} INFO - Sync 1 DAGs
[2024-07-23T13:14:00.082+0000] {logging_mixin.py:151} INFO - [2024-07-23T13:14:00.072+0000] {dag.py:3677} INFO - Setting next_dagrun for example_dag to 2024-07-23T00:00:00+00:00, run_after=2024-07-24T00:00:00+00:00
[2024-07-23T13:14:00.367+0000] {processor.py:179} INFO - Processing /opt/airflow/dags/dummy_dag.py took 2.714 seconds
